<?xml version="1.0" encoding="utf-8" standalone="no"?>
<test-run id="0" runstate="Runnable" testcasecount="0" result="Failed" label="Invalid" total="0" passed="0" failed="0" warnings="0" inconclusive="0" skipped="0" asserts="0" engine-version="3.16.3.0" clr-version="4.0.30319.42000" start-time="2023-05-05 08:10:59Z" end-time="2023-05-05 08:11:00Z" duration="0.687742">
  <command-line><![CDATA["C:\Users\zmale\.nuget\packages\nunit.consolerunner\3.16.3\tools\nunit3-console.exe" mytests.dll -config=nunit .config.xml]]></command-line>
  <test-suite type="Assembly" id="1-1" name="mytests.dll" fullname="C:\ProjetsFormation\Projets-studi\mercadona_net6\api\apiTest\mytests.dll" testcasecount="0" runstate="NotRunnable" result="Failed" label="Invalid">
    <properties>
      <property name="_SKIPREASON" value="File not found: C:\ProjetsFormation\Projets-studi\mercadona_net6\api\apiTest\mytests.dll" />
    </properties>
    <reason>
      <message>File not found: C:\ProjetsFormation\Projets-studi\mercadona_net6\api\apiTest\mytests.dll</message>
    </reason>
  </test-suite>
  <test-suite type="Unknown" id="2-1" name=".config.xml" fullname="C:\ProjetsFormation\Projets-studi\mercadona_net6\api\apiTest\.config.xml" testcasecount="0" runstate="NotRunnable" result="Failed" label="Invalid">
    <properties>
      <property name="_SKIPREASON" value="File not found: C:\ProjetsFormation\Projets-studi\mercadona_net6\api\apiTest\.config.xml" />
    </properties>
    <reason>
      <message>File not found: C:\ProjetsFormation\Projets-studi\mercadona_net6\api\apiTest\.config.xml</message>
    </reason>
  </test-suite>
</test-run>